INFO  time: initialize in 0.48s
WARN  no build tool detected in workspace 'C:\Spark\Scala_GD'. The most common cause for this problem is that the editor was opened in the wrong working directory, for example if you use sbt then the workspace directory should contain build.sbt. 
WARN  no build target: C:\Spark\Scala_GD\lists.scala
INFO  shutting down Metals
INFO  time: initialize in 0.28s
WARN  no build tool detected in workspace 'C:\Spark\Scala_GD'. The most common cause for this problem is that the editor was opened in the wrong working directory, for example if you use sbt then the workspace directory should contain build.sbt. 
WARN  no build target: C:\Spark\Scala_GD\control_flow.scala
INFO  no build target: using presentation compiler with only scala-library
WARN  no build target: C:\Spark\Scala_GD\lists.scala
WARN  no build target: C:\Spark\Scala_GD\lists.scala
WARN  no build target: 
WARN  no build tool detected in workspace 'C:\Spark\Scala_GD'. The most common cause for this problem is that the editor was opened in the wrong working directory, for example if you use sbt then the workspace directory should contain build.sbt. 
WARN  no build tool detected in workspace 'C:\Spark\Scala_GD'. The most common cause for this problem is that the editor was opened in the wrong working directory, for example if you use sbt then the workspace directory should contain build.sbt. 
WARN  no build tool detected in workspace 'C:\Spark\Scala_GD'. The most common cause for this problem is that the editor was opened in the wrong working directory, for example if you use sbt then the workspace directory should contain build.sbt. 
INFO  shutting down Metals
INFO  time: initialize in 0.22s
WARN  no build tool detected in workspace 'C:\Spark\Scala_GD'. The most common cause for this problem is that the editor was opened in the wrong working directory, for example if you use sbt then the workspace directory should contain build.sbt. 
WARN  no build target: C:\Spark\Scala_GD\ForLoops.scala
INFO  no build target: using presentation compiler with only scala-library
INFO  shutting down Metals
INFO  time: initialize in 0.27s
WARN  no build tool detected in workspace 'C:\Spark\Scala_GD'. The most common cause for this problem is that the editor was opened in the wrong working directory, for example if you use sbt then the workspace directory should contain build.sbt. 
WARN  no build target: C:\Spark\Scala_GD\lists.scala
INFO  no build target: using presentation compiler with only scala-library
INFO  shutting down Metals
INFO  time: initialize in 0.26s
WARN  no build tool detected in workspace 'C:\Spark\Scala_GD'. The most common cause for this problem is that the editor was opened in the wrong working directory, for example if you use sbt then the workspace directory should contain build.sbt. 
WARN  no build target: C:\Spark\Scala_GD\control_flow.scala
INFO  no build target: using presentation compiler with only scala-library
WARN  no build target: C:\Spark\Scala_GD\control_flow.scala
WARN  no build target: 
INFO  shutting down Metals
INFO  time: initialize in 0.23s
WARN  no build tool detected in workspace 'C:\Spark\Scala_GD'. The most common cause for this problem is that the editor was opened in the wrong working directory, for example if you use sbt then the workspace directory should contain build.sbt. 
WARN  no build target: C:\Spark\Scala_GD\ForLoops.scala
INFO  no build target: using presentation compiler with only scala-library
WARN  no build target: C:\Spark\Scala_GD\ForLoops.scala
WARN  no build target: 
WARN  no build target: C:\Spark\Scala_GD\ForLoops.scala
WARN  no build target: 
INFO  shutting down Metals
INFO  time: initialize in 0.34s
WARN  no build tool detected in workspace 'C:\Spark\Scala_GD'. The most common cause for this problem is that the editor was opened in the wrong working directory, for example if you use sbt then the workspace directory should contain build.sbt. 
WARN  no build target: C:\Spark\Scala_GD\WhileLoop.scala
INFO  no build target: using presentation compiler with only scala-library
WARN  no build target: C:\Spark\Scala_GD\WhileLoop.scala
WARN  no build target: 
WARN  no build tool detected in workspace 'C:\Spark\Scala_GD'. The most common cause for this problem is that the editor was opened in the wrong working directory, for example if you use sbt then the workspace directory should contain build.sbt. 
WARN  no build target: C:\Spark\Scala_GD\WhileLoop.scala
WARN  no build target: 
WARN  no build tool detected in workspace 'C:\Spark\Scala_GD'. The most common cause for this problem is that the editor was opened in the wrong working directory, for example if you use sbt then the workspace directory should contain build.sbt. 
WARN  no build target: C:\Spark\Scala_GD\WhileLoop.scala
WARN  no build target: 
WARN  no build target: C:\Spark\Scala_GD\WhileLoop.scala
WARN  no build target: 
WARN  no build tool detected in workspace 'C:\Spark\Scala_GD'. The most common cause for this problem is that the editor was opened in the wrong working directory, for example if you use sbt then the workspace directory should contain build.sbt. 
WARN  no build tool detected in workspace 'C:\Spark\Scala_GD'. The most common cause for this problem is that the editor was opened in the wrong working directory, for example if you use sbt then the workspace directory should contain build.sbt. 
WARN  no build target: C:\Spark\Scala_GD\WhileLoop.scala
WARN  no build target: 
WARN  no build tool detected in workspace 'C:\Spark\Scala_GD'. The most common cause for this problem is that the editor was opened in the wrong working directory, for example if you use sbt then the workspace directory should contain build.sbt. 
WARN  no build target: C:\Spark\Scala_GD\WhileLoop.scala
WARN  no build target: 
WARN  no build tool detected in workspace 'C:\Spark\Scala_GD'. The most common cause for this problem is that the editor was opened in the wrong working directory, for example if you use sbt then the workspace directory should contain build.sbt. 
WARN  no build tool detected in workspace 'C:\Spark\Scala_GD'. The most common cause for this problem is that the editor was opened in the wrong working directory, for example if you use sbt then the workspace directory should contain build.sbt. 
WARN  no build target: C:\Spark\Scala_GD\WhileLoop.scala
WARN  no build target: 
INFO  time: initialize in 0.41s
WARN  no build tool detected in workspace 'C:\Spark\Scala_GD'. The most common cause for this problem is that the editor was opened in the wrong working directory, for example if you use sbt then the workspace directory should contain build.sbt. 
WARN  no build target: C:\Spark\Scala_GD\Functions.scala
WARN  no build target: C:\Spark\Scala_GD\first_program.scala
INFO  no build target: using presentation compiler with only scala-library
INFO  shutting down Metals
INFO  time: initialize in 0.3s
WARN  no build tool detected in workspace 'C:\Spark\Scala_GD'. The most common cause for this problem is that the editor was opened in the wrong working directory, for example if you use sbt then the workspace directory should contain build.sbt. 
WARN  no build target: C:\Spark\Scala_GD\Functions.scala
WARN  no build target: C:\Spark\Scala_GD\Functions.scala
INFO  shutting down Metals
INFO  time: initialize in 0.21s
WARN  no build tool detected in workspace 'C:\Spark\Scala_GD'. The most common cause for this problem is that the editor was opened in the wrong working directory, for example if you use sbt then the workspace directory should contain build.sbt. 
WARN  no build target: C:\Spark\Scala_GD\Functions.scala
INFO  no build target: using presentation compiler with only scala-library
WARN  no build target: C:\Spark\Scala_GD\Functions2.scala
WARN  no build target: C:\Spark\Scala_GD\Functions2.scala
WARN  no build tool detected in workspace 'C:\Spark\Scala_GD'. The most common cause for this problem is that the editor was opened in the wrong working directory, for example if you use sbt then the workspace directory should contain build.sbt. 
WARN  no build target: C:\Spark\Scala_GD\Functions2.scala
WARN  no build target: 
WARN  no build target: C:\Spark\Scala_GD\Functions.scala
WARN  no build target: 
WARN  no build target: C:\Spark\Scala_GD\Functions2.scala
WARN  no build target: 
WARN  no build target: C:\Spark\Scala_GD\Functions2.scala
WARN  no build target: 
WARN  no build target: C:\Spark\Scala_GD\Functions2.scala
WARN  no build target: 
WARN  no build target: C:\Spark\Scala_GD\Functions2.scala
WARN  no build target: 
WARN  no build target: C:\Spark\Scala_GD\Functions2.scala
WARN  no build target: 
WARN  no build target: C:\Spark\Scala_GD\Functions2.scala
WARN  no build target: 
WARN  no build target: C:\Spark\Scala_GD\Functions2.scala
WARN  no build target: 
WARN  no build target: C:\Spark\Scala_GD\Functions2.scala
WARN  no build target: 
WARN  no build target: C:\Spark\Scala_GD\Functions2.scala
WARN  no build target: 
WARN  no build target: C:\Spark\Scala_GD\Functions2.scala
WARN  no build target: 
WARN  no build target: C:\Spark\Scala_GD\Functions2.scala
WARN  no build target: 
WARN  no build target: C:\Spark\Scala_GD\Functions2.scala
WARN  no build target: 
WARN  no build target: C:\Spark\Scala_GD\Functions2.scala
WARN  no build target: 
WARN  no build target: C:\Spark\Scala_GD\Functions2.scala
WARN  no build target: 
WARN  no build target: C:\Spark\Scala_GD\Functions2.scala
WARN  no build target: 
WARN  no build target: C:\Spark\Scala_GD\Functions2.scala
WARN  no build target: 
WARN  no build target: C:\Spark\Scala_GD\Functions2.scala
WARN  no build target: 
WARN  no build target: C:\Spark\Scala_GD\Functions3.scala
WARN  no build target: C:\Spark\Scala_GD\Functions3.scala
WARN  no build tool detected in workspace 'C:\Spark\Scala_GD'. The most common cause for this problem is that the editor was opened in the wrong working directory, for example if you use sbt then the workspace directory should contain build.sbt. 
WARN  no build tool detected in workspace 'C:\Spark\Scala_GD'. The most common cause for this problem is that the editor was opened in the wrong working directory, for example if you use sbt then the workspace directory should contain build.sbt. 
WARN  no build tool detected in workspace 'C:\Spark\Scala_GD'. The most common cause for this problem is that the editor was opened in the wrong working directory, for example if you use sbt then the workspace directory should contain build.sbt. 
WARN  no build tool detected in workspace 'C:\Spark\Scala_GD'. The most common cause for this problem is that the editor was opened in the wrong working directory, for example if you use sbt then the workspace directory should contain build.sbt. 
WARN  no build tool detected in workspace 'C:\Spark\Scala_GD'. The most common cause for this problem is that the editor was opened in the wrong working directory, for example if you use sbt then the workspace directory should contain build.sbt. 
WARN  no build tool detected in workspace 'C:\Spark\Scala_GD'. The most common cause for this problem is that the editor was opened in the wrong working directory, for example if you use sbt then the workspace directory should contain build.sbt. 
WARN  no build tool detected in workspace 'C:\Spark\Scala_GD'. The most common cause for this problem is that the editor was opened in the wrong working directory, for example if you use sbt then the workspace directory should contain build.sbt. 
WARN  no build target: C:\Spark\Scala_GD\Functions3.scala
WARN  no build target: 
WARN  no build tool detected in workspace 'C:\Spark\Scala_GD'. The most common cause for this problem is that the editor was opened in the wrong working directory, for example if you use sbt then the workspace directory should contain build.sbt. 
WARN  no build tool detected in workspace 'C:\Spark\Scala_GD'. The most common cause for this problem is that the editor was opened in the wrong working directory, for example if you use sbt then the workspace directory should contain build.sbt. 
WARN  no build tool detected in workspace 'C:\Spark\Scala_GD'. The most common cause for this problem is that the editor was opened in the wrong working directory, for example if you use sbt then the workspace directory should contain build.sbt. 
WARN  no build target: C:\Spark\Scala_GD\Functions3.scala
WARN  no build target: 
WARN  no build tool detected in workspace 'C:\Spark\Scala_GD'. The most common cause for this problem is that the editor was opened in the wrong working directory, for example if you use sbt then the workspace directory should contain build.sbt. 
WARN  no build tool detected in workspace 'C:\Spark\Scala_GD'. The most common cause for this problem is that the editor was opened in the wrong working directory, for example if you use sbt then the workspace directory should contain build.sbt. 
WARN  no build target: C:\Spark\Scala_GD\Functions3.scala
WARN  no build target: 
WARN  no build target: C:\Spark\Scala_GD\Functions3.scala
WARN  no build target: 
WARN  no build target: C:\Spark\Scala_GD\Functions3.scala
WARN  no build target: 
WARN  no build target: C:\Spark\Scala_GD\Functions3.scala
WARN  no build target: 
WARN  no build target: C:\Spark\Scala_GD\Functions3.scala
WARN  no build target: 
WARN  no build target: C:\Spark\Scala_GD\Functions3.scala
WARN  no build target: 
WARN  no build target: C:\Spark\Scala_GD\Functions3.scala
WARN  no build target: 
INFO  shutting down Metals
INFO  time: initialize in 0.26s
WARN  no build tool detected in workspace 'C:\Spark\Scala_GD'. The most common cause for this problem is that the editor was opened in the wrong working directory, for example if you use sbt then the workspace directory should contain build.sbt. 
WARN  no build target: C:\Spark\Scala_GD\Functions3.scala
INFO  no build target: using presentation compiler with only scala-library
INFO  shutting down Metals
INFO  time: initialize in 0.23s
WARN  no build tool detected in workspace 'C:\Spark\Scala_GD'. The most common cause for this problem is that the editor was opened in the wrong working directory, for example if you use sbt then the workspace directory should contain build.sbt. 
WARN  no build target: C:\Spark\Scala_GD\dataframe.scala
WARN  no build target: C:\Spark\Scala_GD\Spark DataFrames\DataFrame_Operations.scala
  C:\Spark\Scala_GD\Spark DataFrames\DataFrame_Operations.scala
  C:\Spark\Scala_GD\Spark DataFrames\DataFrame_Operations.scala
  C:\Spark\Scala_GD\Spark DataFrames\DataFrame_Overview.scala
  C:\Spark\Scala_GD\Spark DataFrames\DataFrame_Overview.scala
  C:\Spark\Scala_GD\Spark DataFrames\DataFrame_Overview.scala
  C:\Spark\Scala_GD\Spark DataFrames\DataFrame_Project.scala
  C:\Spark\Scala_GD\Spark DataFrames\DataFrame_Project.scala
  C:\Spark\Scala_GD\Spark DataFrames\DataFrame_Project.scala
  C:\Spark\Scala_GD\Spark DataFrames\DataFrame_Project_Solution.scala
  C:\Spark\Scala_GD\Spark DataFrames\DataFrame_Project_Solution.scala
  C:\Spark\Scala_GD\Spark DataFrames\DataFrame_Project_Solution.scala
  C:\Spark\Scala_GD\Spark DataFrames\Dates_and_Timestamps.scala
  C:\Spark\Scala_GD\Spark DataFrames\Dates_and_Timestamps.scala
  C:\Spark\Scala_GD\Spark DataFrames\Dates_and_Timestamps.scala
  C:\Spark\Scala_GD\Spark DataFrames\GroupBy_and_Agg.scala
  C:\Spark\Scala_GD\Spark DataFrames\GroupBy_and_Agg.scala
  C:\Spark\Scala_GD\Spark DataFrames\GroupBy_and_Agg.scala
  C:\Spark\Scala_GD\Spark DataFrames\MissingData.scala
  C:\Spark\Scala_GD\Spark DataFrames\MissingData.scala
  C:\Spark\Scala_GD\Spark DataFrames\MissingData.scala
INFO  no build target: using presentation compiler with only scala-library
WARN  no build target: C:\Spark\Scala_GD\Spark DataFrames\DataFrame_Overview.scala
WARN  no build target: C:\Spark\Scala_GD\Machine_Learning_Sections\Classification\Doc_LogReg.scala
  C:\Spark\Scala_GD\Machine_Learning_Sections\Classification\Doc_LogReg.scala
  C:\Spark\Scala_GD\Machine_Learning_Sections\Classification\Doc_LogReg.scala
  C:\Spark\Scala_GD\Machine_Learning_Sections\Classification\LogRegExample.scala
  C:\Spark\Scala_GD\Machine_Learning_Sections\Classification\LogRegExample.scala
  C:\Spark\Scala_GD\Machine_Learning_Sections\Classification\LogRegExample.scala
  C:\Spark\Scala_GD\Machine_Learning_Sections\Classification\LogRegProject.scala
  C:\Spark\Scala_GD\Machine_Learning_Sections\Classification\LogRegProject.scala
  C:\Spark\Scala_GD\Machine_Learning_Sections\Classification\LogRegProject.scala
  C:\Spark\Scala_GD\Machine_Learning_Sections\Classification\LogRegProject_Solutions.scala
  C:\Spark\Scala_GD\Machine_Learning_Sections\Classification\LogRegProject_Solutions.scala
  C:\Spark\Scala_GD\Machine_Learning_Sections\Classification\LogRegProject_Solutions.scala
  C:\Spark\Scala_GD\Machine_Learning_Sections\Clustering\Kmeans_Example.scala
  C:\Spark\Scala_GD\Machine_Learning_Sections\Clustering\Kmeans_Example.scala
  C:\Spark\Scala_GD\Machine_Learning_Sections\Clustering\Kmeans_Example.scala
  C:\Spark\Scala_GD\Machine_Learning_Sections\Clustering\KMeans_Project_Exercise.scala
  C:\Spark\Scala_GD\Machine_Learning_Sections\Clustering\KMeans_Project_Exercise.scala
  C:\Spark\Scala_GD\Machine_Learning_Sections\Clustering\KMeans_Project_Exercise.scala
  C:\Spark\Scala_GD\Machine_Learning_Sections\Clustering\Kmeans_Project_Solutions.scala
  C:\Spark\Scala_GD\Machine_Learning_Sections\Clustering\Kmeans_Project_Solutions.scala
  C:\Spark\Scala_GD\Machine_Learning_Sections\Clustering\Kmeans_Project_Solutions.scala
  C:\Spark\Scala_GD\Machine_Learning_Sections\Model_Validation\DocModelEvalEx.scala
  C:\Spark\Scala_GD\Machine_Learning_Sections\Model_Validation\DocModelEvalEx.scala
  C:\Spark\Scala_GD\Machine_Learning_Sections\Model_Validation\DocModelEvalEx.scala
  C:\Spark\Scala_GD\Machine_Learning_Sections\Model_Validation\TrainTestandGrids.scala
  C:\Spark\Scala_GD\Machine_Learning_Sections\Model_Validation\TrainTestandGrids.scala
  C:\Spark\Scala_GD\Machine_Learning_Sections\Model_Validation\TrainTestandGrids.scala
WARN  no build target: C:\Spark\Scala_GD\Machine_Learning_Sections\PCA\PCA_Doc_Example.scala
  C:\Spark\Scala_GD\Machine_Learning_Sections\PCA\PCA_Doc_Example.scala
  C:\Spark\Scala_GD\Machine_Learning_Sections\PCA\PCA_Doc_Example.scala
  C:\Spark\Scala_GD\Machine_Learning_Sections\PCA\PCA_Project_Exercise.scala
  C:\Spark\Scala_GD\Machine_Learning_Sections\PCA\PCA_Project_Exercise.scala
  C:\Spark\Scala_GD\Machine_Learning_Sections\PCA\PCA_Project_Exercise.scala
  C:\Spark\Scala_GD\Machine_Learning_Sections\PCA\PCA_Project_Exercise_Solutions.scala
  C:\Spark\Scala_GD\Machine_Learning_Sections\PCA\PCA_Project_Exercise_Solutions.scala
  C:\Spark\Scala_GD\Machine_Learning_Sections\PCA\PCA_Project_Exercise_Solutions.scala
  C:\Spark\Scala_GD\Machine_Learning_Sections\Recommender_Systems\Recommender_Example.scala
  C:\Spark\Scala_GD\Machine_Learning_Sections\Recommender_Systems\Recommender_Example.scala
  C:\Spark\Scala_GD\Machine_Learning_Sections\Recommender_Systems\Recommender_Example.scala
  C:\Spark\Scala_GD\Machine_Learning_Sections\Regression\LinRegDocExample.scala
  C:\Spark\Scala_GD\Machine_Learning_Sections\Regression\LinRegDocExample.scala
  C:\Spark\Scala_GD\Machine_Learning_Sections\Regression\LinRegDocExample.scala
  C:\Spark\Scala_GD\Machine_Learning_Sections\Regression\LinRegExercise.scala
  C:\Spark\Scala_GD\Machine_Learning_Sections\Regression\LinRegExercise.scala
  C:\Spark\Scala_GD\Machine_Learning_Sections\Regression\LinRegExercise.scala
  C:\Spark\Scala_GD\Machine_Learning_Sections\Regression\LinRegExerciseSolution.scala
  C:\Spark\Scala_GD\Machine_Learning_Sections\Regression\LinRegExerciseSolution.scala
  C:\Spark\Scala_GD\Machine_Learning_Sections\Regression\LinRegExerciseSolution.scala
  C:\Spark\Scala_GD\Machine_Learning_Sections\Regression\LinRegWalkthrough.scala
  C:\Spark\Scala_GD\Machine_Learning_Sections\Regression\LinRegWalkthrough.scala
  C:\Spark\Scala_GD\Machine_Learning_Sections\Regression\LinRegWalkthrough.scala
WARN  no build target: C:\Spark\Scala_GD\Scala Programming\Control_Flow.scala
  C:\Spark\Scala_GD\Scala Programming\Control_Flow.scala
  C:\Spark\Scala_GD\Scala Programming\Control_Flow.scala
  C:\Spark\Scala_GD\Scala Programming\For_Loops.scala
  C:\Spark\Scala_GD\Scala Programming\For_Loops.scala
  C:\Spark\Scala_GD\Scala Programming\For_Loops.scala
  C:\Spark\Scala_GD\Scala Programming\Functions.scala
  C:\Spark\Scala_GD\Scala Programming\Functions.scala
  C:\Spark\Scala_GD\Scala Programming\Functions.scala
  C:\Spark\Scala_GD\Scala Programming\Scala_Programming_Test_Solutions.scala
  C:\Spark\Scala_GD\Scala Programming\Scala_Programming_Test_Solutions.scala
  C:\Spark\Scala_GD\Scala Programming\Scala_Programming_Test_Solutions.scala
  C:\Spark\Scala_GD\Scala Programming\While_Loops.scala
  C:\Spark\Scala_GD\Scala Programming\While_Loops.scala
  C:\Spark\Scala_GD\Scala Programming\While_Loops.scala
WARN  no build target: C:\Spark\Scala_GD\Spark DataFrames\DataFrame_Overview.scala
WARN  no build target: 
WARN  no build target: C:\Spark\Scala_GD\Spark DataFrames\DataFrame_Overview.scala
WARN  no build target: 
WARN  no build target: C:\Spark\Scala_GD\Spark DataFrames\DataFrame_Overview.scala
WARN  no build target: 
WARN  no build tool detected in workspace 'C:\Spark\Scala_GD'. The most common cause for this problem is that the editor was opened in the wrong working directory, for example if you use sbt then the workspace directory should contain build.sbt. 
WARN  no build target: C:\Spark\Scala_GD\Spark DataFrames\DataFrame_Overview.scala
WARN  no build target: 
WARN  no build target: C:\Spark\Scala_GD\Spark DataFrames\DataFrame_Overview.scala
WARN  no build target: 
WARN  no build target: C:\Spark\Scala_GD\Spark DataFrames\DataFrame_Overview.scala
WARN  no build target: 
WARN  no build target: C:\Spark\Scala_GD\Spark DataFrames\DataFrame_Overview.scala
WARN  no build target: 
WARN  no build target: C:\Spark\Scala_GD\Spark DataFrames\DataFrame_Overview.scala
WARN  no build target: 
WARN  no build target: C:\Spark\Scala_GD\Spark DataFrames\DataFrame_Overview.scala
WARN  no build target: 
WARN  no build target: C:\Spark\Scala_GD\Spark DataFrames\DataFrame_Overview.scala
WARN  no build target: 
WARN  no build target: C:\Spark\Scala_GD\Spark DataFrames\DataFrame_Overview.scala
WARN  no build target: 
WARN  no build target: C:\Spark\Scala_GD\Spark DataFrames\DataFrame_Overview.scala
WARN  no build target: 
WARN  no build target: C:\Spark\Scala_GD\Spark DataFrames\DataFrame_Overview.scala
WARN  no build target: 
WARN  no build target: C:\Spark\Scala_GD\Spark DataFrames\DataFrame_Overview.scala
WARN  no build target: 
WARN  no build target: C:\Spark\Scala_GD\Spark DataFrames\DataFrame_Overview.scala
WARN  no build target: 
WARN  no build target: C:\Spark\Scala_GD\Spark DataFrames\DataFrame_Overview.scala
WARN  no build target: 
WARN  no build target: C:\Spark\Scala_GD\Spark DataFrames\DataFrame_Overview.scala
WARN  no build target: 
WARN  no build target: C:\Spark\Scala_GD\Spark DataFrames\DataFrame_Overview.scala
WARN  no build target: 
WARN  no build target: C:\Spark\Scala_GD\Spark DataFrames\DataFrame_Overview.scala
WARN  no build target: 
WARN  no build target: C:\Spark\Scala_GD\Spark DataFrames\DataFrame_Overview.scala
WARN  no build target: 
WARN  no build target: C:\Spark\Scala_GD\Spark DataFrames\DataFrame_Overview.scala
WARN  no build target: 
WARN  no build target: C:\Spark\Scala_GD\Spark DataFrames\DataFrame_Overview.scala
WARN  no build target: 
WARN  no build target: C:\Spark\Scala_GD\Spark DataFrames\DataFrame_Overview.scala
WARN  no build target: 
WARN  no build target: C:\Spark\Scala_GD\Spark DataFrames\DataFrame_Overview.scala
WARN  no build target: 
WARN  no build target: C:\Spark\Scala_GD\Spark DataFrames\DataFrame_Overview.scala
WARN  no build target: 
WARN  no build tool detected in workspace 'C:\Spark\Scala_GD'. The most common cause for this problem is that the editor was opened in the wrong working directory, for example if you use sbt then the workspace directory should contain build.sbt. 
Dec 24, 2020 7:30:42 PM scala.meta.internal.pc.CompilerAccess retryWithCleanCompiler
INFO: compiler crashed due to an error in the Scala compiler, retrying with new compiler instance.
Dec 24, 2020 7:30:42 PM scala.meta.internal.pc.CompilerAccess handleError
SEVERE: no context found for source-file:///C:/Spark/Scala_GD/Spark%20DataFrames/DataFrame_Overview.scala,line-4,offset=111
scala.reflect.internal.FatalError: no context found for source-file:///C:/Spark/Scala_GD/Spark%20DataFrames/DataFrame_Overview.scala,line-4,offset=111
	at scala.tools.nsc.interactive.CompilerControl.$anonfun$doLocateContext$1(CompilerControl.scala:100)
	at scala.tools.nsc.interactive.CompilerControl.doLocateContext(CompilerControl.scala:100)
	at scala.tools.nsc.interactive.CompilerControl.doLocateContext$(CompilerControl.scala:99)
	at scala.tools.nsc.interactive.Global.doLocateContext(Global.scala:113)
	at scala.meta.internal.pc.PcDefinitionProvider.definitionTypedTreeAt(PcDefinitionProvider.scala:94)
	at scala.meta.internal.pc.PcDefinitionProvider.definition(PcDefinitionProvider.scala:22)

WARN  no build target: C:\Spark\Scala_GD\Spark DataFrames\DataFrame_Overview.scala
WARN  no build target: 
WARN  no build target: C:\Spark\Scala_GD\Spark DataFrames\DataFrame_Overview.scala
WARN  no build target: 
WARN  no build target: C:\Spark\Scala_GD\Spark DataFrames\DataFrame_Overview.scala
WARN  no build target: 
WARN  no build target: C:\Spark\Scala_GD\Spark DataFrames\DataFrame_Overview.scala
WARN  no build target: 
WARN  no build target: C:\Spark\Scala_GD\Spark DataFrames\DataFrame_Overview.scala
WARN  no build target: 
INFO  shutting down Metals
